<?xml version="1.0" encoding="UTF-8"?>
<robot generator="Robot 7.4.1 (Python 3.13.2 on win32)" generated="2026-02-28T16:41:42.086050" rpa="false" schemaversion="5">
<suite id="s1" name="Homepage" source="C:\Users\ALTEX\PycharmProjects\EventHub_Test_Project\tests\homepage.robot">
<test id="s1-t1" name="Homepage Loads" line="8">
<kw name="Start Browser" owner="browser" type="SETUP">
<kw name="New Browser" owner="Browser">
<msg time="2026-02-28T16:41:42.386049" level="INFO">{"browser": "chromium", "headless": false, "chromiumSandbox": false, "devtools": false, "handleSIGHUP": true, "handleSIGINT": true, "handleSIGTERM": true, "slowMo": 0.0, "timeout": 30000.0, "tracesDir": "C:\\Users\\ALTEX\\PycharmProjects\\EventHub_Test_Project\\browser\\traces\\temp\\697349a2-90e9-46af-8947-acbb891692ad"}</msg>
<msg time="2026-02-28T16:41:42.424897" level="INFO">Starting Browser process C:\Users\ALTEX\PycharmProjects\EventHub_Test_Project\.venv\Lib\site-packages\Browser\wrapper\index.js using at 127.0.0.1:51301</msg>
<msg time="2026-02-28T16:41:44.000347" level="INFO">Successfully created browser with options: {"browser":"chromium","headless":false,"chromiumSandbox":false,"devtools":false,"handleSIGHUP":true,"handleSIGINT":true,"handleSIGTERM":true,"slowMo":0,"timeout":30000,"tracesDir":"C:\\Users\\ALTEX\\PycharmProjects\\EventHub_Test_Project\\browser\\traces\\temp\\697349a2-90e9-46af-8947-acbb891692ad"}</msg>
<arg>chromium</arg>
<arg>headless=${False}</arg>
<tag>BrowserControl</tag>
<tag>Setter</tag>
<doc>Create a new playwright Browser with specified options.</doc>
<status status="PASS" start="2026-02-28T16:41:42.384693" elapsed="1.615949"/>
</kw>
<kw name="New Context" owner="Browser">
<msg time="2026-02-28T16:41:44.003141" level="INFO">{
  "acceptDownloads": true,
  "bypassCSP": false,
  "forcedColors": "none",
  "ignoreHTTPSErrors": false,
  "javaScriptEnabled": true,
  "offline": false,
  "reducedMotion": "no-preference",
  "serviceWorkers": "allow",
  "viewport": {
    "width": 1280,
    "height": 720
  }
}</msg>
<msg time="2026-02-28T16:41:44.020523" level="INFO">Successfully created context. </msg>
<msg time="2026-02-28T16:41:44.020637" level="INFO">{'acceptDownloads': True, 'bypassCSP': False, 'forcedColors': 'none', 'ignoreHTTPSErrors': False, 'javaScriptEnabled': True, 'offline': False, 'reducedMotion': 'no-preference', 'serviceWorkers': 'allow', 'viewport': {'width': 1280, 'height': 720}}</msg>
<tag>BrowserControl</tag>
<tag>Setter</tag>
<doc>Create a new BrowserContext with specified options.</doc>
<status status="PASS" start="2026-02-28T16:41:44.000967" elapsed="0.019770"/>
</kw>
<status status="PASS" start="2026-02-28T16:41:42.384165" elapsed="1.636752"/>
</kw>
<kw name="User Opens Homepage" owner="user">
<kw name="Perform Open Homepage" owner="open_homepage">
<kw name="New Page" owner="Browser">
<msg time="2026-02-28T16:41:45.494648" level="INFO">Successfully initialized new page object and opened url: https://eventhub.rahulshettyacademy.com/</msg>
<arg>${BASE_URL}</arg>
<tag>BrowserControl</tag>
<tag>Setter</tag>
<doc>Open a new Page.</doc>
<status status="PASS" start="2026-02-28T16:41:44.022233" elapsed="1.472639"/>
</kw>
<status status="PASS" start="2026-02-28T16:41:44.021865" elapsed="1.473144"/>
</kw>
<status status="PASS" start="2026-02-28T16:41:44.021378" elapsed="1.473690"/>
</kw>
<kw name="Stop Browser" owner="browser" type="TEARDOWN">
<kw name="Close Browser" owner="Browser">
<msg time="2026-02-28T16:41:45.660278" level="INFO">Closed browser</msg>
<tag>BrowserControl</tag>
<tag>Setter</tag>
<doc>Closes the current browser.</doc>
<status status="PASS" start="2026-02-28T16:41:45.496119" elapsed="0.164344"/>
</kw>
<status status="PASS" start="2026-02-28T16:41:45.495525" elapsed="0.165067"/>
</kw>
<status status="PASS" start="2026-02-28T16:41:42.383428" elapsed="3.277320"/>
</test>
<status status="PASS" start="2026-02-28T16:41:42.087727" elapsed="3.578740"/>
</suite>
<statistics>
<total>
<stat pass="1" fail="0" skip="0">All Tests</stat>
</total>
<tag>
</tag>
<suite>
<stat name="Homepage" id="s1" pass="1" fail="0" skip="0">Homepage</stat>
</suite>
</statistics>
<errors>
</errors>
</robot>
